<?xml version="1.0" encoding="UTF-8"?>
<testsuite name="SILab2Test" tests="2" skipped="0" failures="0" errors="0" timestamp="2021-05-15T13:18:16" hostname="DESKTOP-3RGA642" time="0.014">
  <properties/>
  <testcase name="EveryBranch()" classname="SILab2Test" time="0.013"/>
  <testcase name="MultipleCondition()" classname="SILab2Test" time="0.001"/>
  <system-out><![CDATA[]]></system-out>
  <system-err><![CDATA[]]></system-err>
</testsuite>
